<?xml version="1.0" encoding="UTF-8"?>
<testng-results ignored="0" total="1" passed="1" failed="0" skipped="0">
  <reporter-output>
  </reporter-output>
  <suite started-at="2021-03-30T22:16:44 IST" name="Default suite" finished-at="2021-03-30T22:16:44 IST" duration-ms="78">
    <groups>
    </groups>
    <test started-at="2021-03-30T22:16:44 IST" name="Default test" finished-at="2021-03-30T22:16:44 IST" duration-ms="78">
      <class name="Pack1.Simpleclass">
        <test-method signature="config()[pri:0, instance:Pack1.Simpleclass@28975c28]" started-at="2021-03-30T22:16:44 IST" name="config" finished-at="2021-03-30T22:16:44 IST" duration-ms="12" status="PASS">
          <reporter-output>
          </reporter-output>
        </test-method> <!-- config -->
      </class> <!-- Pack1.Simpleclass -->
    </test> <!-- Default test -->
  </suite> <!-- Default suite -->
</testng-results>
